\BOOKMARK [1][-]{section.1}{Group members participation}{}% 1
\BOOKMARK [1][-]{section.2}{Introduction}{}% 2
\BOOKMARK [2][-]{subsection.2.1}{Background}{section.2}% 3
\BOOKMARK [2][-]{subsection.2.2}{Objectives}{section.2}% 4
\BOOKMARK [2][-]{subsection.2.3}{Structure}{section.2}% 5
\BOOKMARK [1][-]{section.3}{Background and Motivation}{}% 6
\BOOKMARK [1][-]{section.4}{Research Definition}{}% 7
\BOOKMARK [2][-]{subsection.4.1}{Research Objectives}{section.4}% 8
\BOOKMARK [2][-]{subsection.4.2}{Research Questions}{section.4}% 9
\BOOKMARK [2][-]{subsection.4.3}{Research Method}{section.4}% 10
\BOOKMARK [2][-]{subsection.4.4}{Unit of Analysis}{section.4}% 11
\BOOKMARK [2][-]{subsection.4.5}{Data Collection}{section.4}% 12
\BOOKMARK [2][-]{subsection.4.6}{Data analysis}{section.4}% 13
\BOOKMARK [1][-]{section.5}{Research Operation}{}% 14
\BOOKMARK [2][-]{subsection.5.1}{Quality Assurance}{section.5}% 15
\BOOKMARK [1][-]{section.6}{Data Analysis and Interpretation}{}% 16
\BOOKMARK [2][-]{subsection.6.1}{Data Analysis}{section.6}% 17
\BOOKMARK [1][-]{section.7}{Discussion}{}% 18
\BOOKMARK [2][-]{subsection.7.1}{Contribution}{section.7}% 19
\BOOKMARK [2][-]{subsection.7.2}{Threats to validity}{section.7}% 20
\BOOKMARK [1][-]{section.8}{Summary and Conclusions}{}% 21
\BOOKMARK [1][-]{section*.1}{References}{}% 22
